<?xml version="1.0" encoding="UTF-8"?>
<testng-results ignored="0" total="5" passed="4" failed="1" skipped="0">
  <reporter-output>
  </reporter-output>
  <suite started-at="2022-10-22T17:10:45 PDT" name="Default suite" finished-at="2022-10-22T17:10:51 PDT" duration-ms="6051">
    <groups>
    </groups>
    <test started-at="2022-10-22T17:10:45 PDT" name="Default test" finished-at="2022-10-22T17:10:51 PDT" duration-ms="6051">
      <class name="com.test.tests.APItestScripts">
        <test-method is-config="true" signature="setupBeforeTest()[pri:0, instance:com.test.tests.APItestScripts@223191a6]" started-at="2022-10-22T17:10:45 PDT" name="setupBeforeTest" finished-at="2022-10-22T17:10:46 PDT" duration-ms="150" status="PASS">
          <reporter-output>
          </reporter-output>
        </test-method> <!-- setupBeforeTest -->
        <test-method is-config="true" signature="setUp()[pri:0, instance:com.test.tests.APItestScripts@223191a6]" started-at="2022-10-22T17:10:46 PDT" name="setUp" finished-at="2022-10-22T17:10:46 PDT" duration-ms="515" status="PASS">
          <reporter-output>
          </reporter-output>
        </test-method> <!-- setUp -->
        <test-method is-config="true" signature="setUp(java.lang.reflect.Method)[pri:0, instance:com.test.tests.APItestScripts@223191a6]" started-at="2022-10-22T17:10:46 PDT" name="setUp" finished-at="2022-10-22T17:10:46 PDT" duration-ms="10" status="PASS">
          <params>
            <param index="0">
              <value>
                <![CDATA[public static void com.test.tests.APItestScripts.TC01GetUserData()]]>
              </value>
            </param>
          </params>
          <reporter-output>
          </reporter-output>
        </test-method> <!-- setUp -->
        <test-method signature="TC01GetUserData()[pri:0, instance:com.test.tests.APItestScripts@223191a6]" started-at="2022-10-22T17:10:46 PDT" name="TC01GetUserData" finished-at="2022-10-22T17:10:47 PDT" duration-ms="1388" status="FAIL">
          <exception class="java.lang.IllegalStateException">
            <message>
              <![CDATA[Cannot parse object because no supported Content-Type was specified in response. Content-Type was 'text/html; charset=UTF-8'.]]>
            </message>
            <full-stacktrace>
              <![CDATA[java.lang.IllegalStateException: Cannot parse object because no supported Content-Type was specified in response. Content-Type was 'text/html; charset=UTF-8'.
at java.base/jdk.internal.reflect.DirectConstructorHandleAccessor.newInstance(DirectConstructorHandleAccessor.java:67)
at java.base/java.lang.reflect.Constructor.newInstanceWithCaller(Constructor.java:499)
at java.base/java.lang.reflect.Constructor.newInstance(Constructor.java:483)
at org.codehaus.groovy.reflection.CachedConstructor.invoke(CachedConstructor.java:72)
at org.codehaus.groovy.runtime.callsite.ConstructorSite$ConstructorSiteNoUnwrapNoCoerce.callConstructor(ConstructorSite.java:105)
at org.codehaus.groovy.runtime.callsite.CallSiteArray.defaultCallConstructor(CallSiteArray.java:59)
at org.codehaus.groovy.runtime.callsite.AbstractCallSite.callConstructor(AbstractCallSite.java:263)
at org.codehaus.groovy.runtime.callsite.AbstractCallSite.callConstructor(AbstractCallSite.java:277)
at io.restassured.internal.mapping.ObjectMapping.deserialize(ObjectMapping.groovy:95)
at io.restassured.internal.mapping.ObjectMapping$deserialize.call(Unknown Source)
at org.codehaus.groovy.runtime.callsite.CallSiteArray.defaultCall(CallSiteArray.java:47)
at org.codehaus.groovy.runtime.callsite.AbstractCallSite.call(AbstractCallSite.java:125)
at io.restassured.internal.RestAssuredResponseOptionsGroovyImpl.as(RestAssuredResponseOptionsGroovyImpl.groovy:231)
at io.restassured.internal.RestAssuredResponseOptionsImpl.as(RestAssuredResponseOptionsImpl.java:169)
at com.api.Helpers.UserServiceHelper.getUserdata(UserServiceHelper.java:52)
at com.test.tests.APItestScripts.TC01GetUserData(APItestScripts.java:62)
at java.base/jdk.internal.reflect.DirectMethodHandleAccessor.invoke(DirectMethodHandleAccessor.java:104)
at java.base/java.lang.reflect.Method.invoke(Method.java:577)
at org.testng.internal.invokers.MethodInvocationHelper.invokeMethod(MethodInvocationHelper.java:139)
at org.testng.internal.invokers.TestInvoker.invokeMethod(TestInvoker.java:677)
at org.testng.internal.invokers.TestInvoker.invokeTestMethod(TestInvoker.java:221)
at org.testng.internal.invokers.MethodRunner.runInSequence(MethodRunner.java:50)
at org.testng.internal.invokers.TestInvoker$MethodInvocationAgent.invoke(TestInvoker.java:962)
at org.testng.internal.invokers.TestInvoker.invokeTestMethods(TestInvoker.java:194)
at org.testng.internal.invokers.TestMethodWorker.invokeTestMethods(TestMethodWorker.java:148)
at org.testng.internal.invokers.TestMethodWorker.run(TestMethodWorker.java:128)
at java.base/java.util.ArrayList.forEach(ArrayList.java:1511)
at org.testng.TestRunner.privateRun(TestRunner.java:806)
at org.testng.TestRunner.run(TestRunner.java:601)
at org.testng.SuiteRunner.runTest(SuiteRunner.java:433)
at org.testng.SuiteRunner.runSequentially(SuiteRunner.java:427)
at org.testng.SuiteRunner.privateRun(SuiteRunner.java:387)
at org.testng.SuiteRunner.run(SuiteRunner.java:330)
at org.testng.SuiteRunnerWorker.runSuite(SuiteRunnerWorker.java:52)
at org.testng.SuiteRunnerWorker.run(SuiteRunnerWorker.java:95)
at org.testng.TestNG.runSuitesSequentially(TestNG.java:1256)
at org.testng.TestNG.runSuitesLocally(TestNG.java:1176)
at org.testng.TestNG.runSuites(TestNG.java:1099)
at org.testng.TestNG.run(TestNG.java:1067)
at org.testng.remote.AbstractRemoteTestNG.run(AbstractRemoteTestNG.java:115)
at org.testng.remote.RemoteTestNG.initAndRun(RemoteTestNG.java:251)
at org.testng.remote.RemoteTestNG.main(RemoteTestNG.java:77)
]]>
            </full-stacktrace>
          </exception> <!-- java.lang.IllegalStateException -->
          <reporter-output>
          </reporter-output>
        </test-method> <!-- TC01GetUserData -->
        <test-method is-config="true" signature="setUp(java.lang.reflect.Method)[pri:0, instance:com.test.tests.APItestScripts@223191a6]" started-at="2022-10-22T17:10:47 PDT" name="setUp" finished-at="2022-10-22T17:10:47 PDT" duration-ms="1" status="PASS">
          <params>
            <param index="0">
              <value>
                <![CDATA[public static void com.test.tests.APItestScripts.TC02AddUSerData() throws java.lang.Exception]]>
              </value>
            </param>
          </params>
          <reporter-output>
          </reporter-output>
        </test-method> <!-- setUp -->
        <test-method signature="TC02AddUSerData()[pri:0, instance:com.test.tests.APItestScripts@223191a6]" started-at="2022-10-22T17:10:47 PDT" name="TC02AddUSerData" finished-at="2022-10-22T17:10:49 PDT" duration-ms="1353" status="PASS">
          <reporter-output>
          </reporter-output>
        </test-method> <!-- TC02AddUSerData -->
        <test-method is-config="true" signature="setUp(java.lang.reflect.Method)[pri:0, instance:com.test.tests.APItestScripts@223191a6]" started-at="2022-10-22T17:10:49 PDT" name="setUp" finished-at="2022-10-22T17:10:49 PDT" duration-ms="1" status="PASS">
          <params>
            <param index="0">
              <value>
                <![CDATA[public static void com.test.tests.APItestScripts.TC03deleteUserData()]]>
              </value>
            </param>
          </params>
          <reporter-output>
          </reporter-output>
        </test-method> <!-- setUp -->
        <test-method signature="TC03deleteUserData()[pri:0, instance:com.test.tests.APItestScripts@223191a6]" started-at="2022-10-22T17:10:49 PDT" name="TC03deleteUserData" finished-at="2022-10-22T17:10:50 PDT" duration-ms="860" status="PASS">
          <reporter-output>
          </reporter-output>
        </test-method> <!-- TC03deleteUserData -->
        <test-method is-config="true" signature="setUp(java.lang.reflect.Method)[pri:0, instance:com.test.tests.APItestScripts@223191a6]" started-at="2022-10-22T17:10:50 PDT" name="setUp" finished-at="2022-10-22T17:10:50 PDT" duration-ms="1" status="PASS">
          <params>
            <param index="0">
              <value>
                <![CDATA[public static void com.test.tests.APItestScripts.TC04deleteID0Data()]]>
              </value>
            </param>
          </params>
          <reporter-output>
          </reporter-output>
        </test-method> <!-- setUp -->
        <test-method signature="TC04deleteID0Data()[pri:0, instance:com.test.tests.APItestScripts@223191a6]" started-at="2022-10-22T17:10:50 PDT" name="TC04deleteID0Data" finished-at="2022-10-22T17:10:51 PDT" duration-ms="882" status="PASS">
          <reporter-output>
          </reporter-output>
        </test-method> <!-- TC04deleteID0Data -->
        <test-method is-config="true" signature="setUp(java.lang.reflect.Method)[pri:0, instance:com.test.tests.APItestScripts@223191a6]" started-at="2022-10-22T17:10:51 PDT" name="setUp" finished-at="2022-10-22T17:10:51 PDT" duration-ms="3" status="PASS">
          <params>
            <param index="0">
              <value>
                <![CDATA[public static void com.test.tests.APItestScripts.TC05GetUserDataByID()]]>
              </value>
            </param>
          </params>
          <reporter-output>
          </reporter-output>
        </test-method> <!-- setUp -->
        <test-method signature="TC05GetUserDataByID()[pri:0, instance:com.test.tests.APItestScripts@223191a6]" started-at="2022-10-22T17:10:51 PDT" name="TC05GetUserDataByID" finished-at="2022-10-22T17:10:51 PDT" duration-ms="597" status="PASS">
          <reporter-output>
          </reporter-output>
        </test-method> <!-- TC05GetUserDataByID -->
        <test-method is-config="true" signature="teardownAfterTest()[pri:0, instance:com.test.tests.APItestScripts@223191a6]" started-at="2022-10-22T17:10:51 PDT" name="teardownAfterTest" finished-at="2022-10-22T17:10:51 PDT" duration-ms="239" status="PASS">
          <reporter-output>
          </reporter-output>
        </test-method> <!-- teardownAfterTest -->
      </class> <!-- com.test.tests.APItestScripts -->
    </test> <!-- Default test -->
  </suite> <!-- Default suite -->
</testng-results>
